<?xml version="1.0" encoding="UTF-8"?>
<!-- Generated by org.testng.reporters.JUnitReportReporter -->
<testsuite skipped="0" hostname="LAPTOP-13MQ7JB0" name="dc.basic.BasicDemo" tests="1" failures="0" timestamp="2021-02-22T02:35:07 IST" time="22.677" errors="0">
  <testcase name="demoTest" time="22.677" classname="dc.basic.BasicDemo"/>
  <system-out/>
</testsuite> <!-- dc.basic.BasicDemo -->
